# JRE version: Java(TM) SE Runtime Environment 18.9 (11.0.18+9) (build 11.0.18+9-LTS-195)
# Java VM: Java HotSpot(TM) 64-Bit Server VM 18.9 (11.0.18+9-LTS-195, mixed mode, tiered, compressed oops, g1 gc, windows-amd64)
Heap:
 garbage-first heap   total 57344K, used 41524K [0x0000000080000000, 0x0000000100000000)
  region size 1024K, 12 young (12288K), 2 survivors (2048K)
 Metaspace       used 48335K, capacity 49672K, committed 49920K, reserved 559104K
  class space    used 6317K, capacity 6854K, committed 6912K, reserved 516096K
GC Heap History (10 events):
Event: 64.410 GC heap before
{Heap before GC invocations=23 (full 0):
 garbage-first heap   total 57344K, used 43372K [0x0000000080000000, 0x0000000100000000)
  region size 1024K, 15 young (15360K), 2 survivors (2048K)
 Metaspace       used 43556K, capacity 44717K, committed 44800K, reserved 555008K
  class space    used 5575K, capacity 6077K, committed 6144K, reserved 516096K
}
Event: 64.425 GC heap after
{Heap after GC invocations=24 (full 0):
 garbage-first heap   total 57344K, used 30433K [0x0000000080000000, 0x0000000100000000)
  region size 1024K, 1 young (1024K), 1 survivors (1024K)
 Metaspace       used 43556K, capacity 44717K, committed 44800K, reserved 555008K
  class space    used 5575K, capacity 6077K, committed 6144K, reserved 516096K
}
Event: 65.552 GC heap before
{Heap before GC invocations=24 (full 0):
 garbage-first heap   total 57344K, used 42721K [0x0000000080000000, 0x0000000100000000)
  region size 1024K, 14 young (14336K), 1 survivors (1024K)
 Metaspace       used 44510K, capacity 45707K, committed 45952K, reserved 557056K
  class space    used 5732K, capacity 6235K, committed 6272K, reserved 516096K
}
Event: 65.556 GC heap after
{Heap after GC invocations=25 (full 0):
 garbage-first heap   total 57344K, used 30936K [0x0000000080000000, 0x0000000100000000)
  region size 1024K, 2 young (2048K), 2 survivors (2048K)
 Metaspace       used 44510K, capacity 45707K, committed 45952K, reserved 557056K
  class space    used 5732K, capacity 6235K, committed 6272K, reserved 516096K
}
Event: 66.789 GC heap before
{Heap before GC invocations=26 (full 0):
 garbage-first heap   total 57344K, used 44248K [0x0000000080000000, 0x0000000100000000)
  region size 1024K, 15 young (15360K), 2 survivors (2048K)
 Metaspace       used 45477K, capacity 46647K, committed 46848K, reserved 557056K
  class space    used 5895K, capacity 6378K, committed 6400K, reserved 516096K
}
Event: 66.802 GC heap after
{Heap after GC invocations=27 (full 0):
 garbage-first heap   total 57344K, used 31599K [0x0000000080000000, 0x0000000100000000)
  region size 1024K, 2 young (2048K), 2 survivors (2048K)
 Metaspace       used 45477K, capacity 46647K, committed 46848K, reserved 557056K
  class space    used 5895K, capacity 6378K, committed 6400K, reserved 516096K
}
Event: 67.628 GC heap before
{Heap before GC invocations=27 (full 0):
 garbage-first heap   total 57344K, used 44911K [0x0000000080000000, 0x0000000100000000)
  region size 1024K, 15 young (15360K), 2 survivors (2048K)
 Metaspace       used 46664K, capacity 47824K, committed 48128K, reserved 559104K
  class space    used 6090K, capacity 6579K, committed 6656K, reserved 516096K
}
Event: 67.636 GC heap after
{Heap after GC invocations=28 (full 0):
 garbage-first heap   total 57344K, used 31896K [0x0000000080000000, 0x0000000100000000)
  region size 1024K, 1 young (1024K), 1 survivors (1024K)
 Metaspace       used 46664K, capacity 47824K, committed 48128K, reserved 559104K
  class space    used 6090K, capacity 6579K, committed 6656K, reserved 516096K
}
Event: 68.385 GC heap before
{Heap before GC invocations=29 (full 0):
 garbage-first heap   total 57344K, used 45208K [0x0000000080000000, 0x0000000100000000)
  region size 1024K, 14 young (14336K), 1 survivors (1024K)
 Metaspace       used 47574K, capacity 48805K, committed 49024K, reserved 559104K
  class space    used 6221K, capacity 6734K, committed 6784K, reserved 516096K
}
Event: 68.389 GC heap after
{Heap after GC invocations=30 (full 0):
 garbage-first heap   total 57344K, used 32308K [0x0000000080000000, 0x0000000100000000)
  region size 1024K, 2 young (2048K), 2 survivors (2048K)
 Metaspace       used 47574K, capacity 48805K, committed 49024K, reserved 559104K
  class space    used 6221K, capacity 6734K, committed 6784K, reserved 516096K
}

