# JRE version: Java(TM) SE Runtime Environment 18.9 (11.0.18+9) (build 11.0.18+9-LTS-195)
# Java VM: Java HotSpot(TM) 64-Bit Server VM 18.9 (11.0.18+9-LTS-195, mixed mode, tiered, compressed oops, g1 gc, windows-amd64)
Heap:
 garbage-first heap   total 101376K, used 53990K [0x0000000080000000, 0x0000000100000000)
  region size 1024K, 7 young (7168K), 4 survivors (4096K)
 Metaspace       used 67060K, capacity 69051K, committed 69248K, reserved 575488K
  class space    used 8921K, capacity 9752K, committed 9856K, reserved 516096K
GC Heap History (10 events):
Event: 67.340 GC heap before
{Heap before GC invocations=70 (full 0):
 garbage-first heap   total 83968K, used 60042K [0x0000000080000000, 0x0000000100000000)
  region size 1024K, 17 young (17408K), 2 survivors (2048K)
 Metaspace       used 61746K, capacity 63466K, committed 63744K, reserved 571392K
  class space    used 8143K, capacity 8870K, committed 8960K, reserved 516096K
}
Event: 67.345 GC heap after
{Heap after GC invocations=71 (full 0):
 garbage-first heap   total 83968K, used 46529K [0x0000000080000000, 0x0000000100000000)
  region size 1024K, 2 young (2048K), 2 survivors (2048K)
 Metaspace       used 61746K, capacity 63466K, committed 63744K, reserved 571392K
  class space    used 8143K, capacity 8870K, committed 8960K, reserved 516096K
}
Event: 69.420 GC heap before
{Heap before GC invocations=72 (full 0):
 garbage-first heap   total 83968K, used 62913K [0x0000000080000000, 0x0000000100000000)
  region size 1024K, 18 young (18432K), 2 survivors (2048K)
 Metaspace       used 63197K, capacity 64978K, committed 65280K, reserved 573440K
  class space    used 8368K, capacity 9114K, committed 9216K, reserved 516096K
}
Event: 69.429 GC heap after
{Heap after GC invocations=73 (full 0):
 garbage-first heap   total 83968K, used 47348K [0x0000000080000000, 0x0000000100000000)
  region size 1024K, 3 young (3072K), 3 survivors (3072K)
 Metaspace       used 63197K, capacity 64978K, committed 65280K, reserved 573440K
  class space    used 8368K, capacity 9114K, committed 9216K, reserved 516096K
}
Event: 70.397 GC heap before
{Heap before GC invocations=73 (full 0):
 garbage-first heap   total 83968K, used 63732K [0x0000000080000000, 0x0000000100000000)
  region size 1024K, 19 young (19456K), 3 survivors (3072K)
 Metaspace       used 63558K, capacity 65377K, committed 65536K, reserved 573440K
  class space    used 8427K, capacity 9206K, committed 9216K, reserved 516096K
}
Event: 70.412 GC heap after
{Heap after GC invocations=74 (full 0):
 garbage-first heap   total 101376K, used 48544K [0x0000000080000000, 0x0000000100000000)
  region size 1024K, 2 young (2048K), 2 survivors (2048K)
 Metaspace       used 63558K, capacity 65377K, committed 65536K, reserved 573440K
  class space    used 8427K, capacity 9206K, committed 9216K, reserved 516096K
}
Event: 73.846 GC heap before
{Heap before GC invocations=75 (full 0):
 garbage-first heap   total 101376K, used 72096K [0x0000000080000000, 0x0000000100000000)
  region size 1024K, 25 young (25600K), 2 survivors (2048K)
 Metaspace       used 64984K, capacity 66856K, committed 67072K, reserved 575488K
  class space    used 8618K, capacity 9412K, committed 9472K, reserved 516096K
}
Event: 73.867 GC heap after
{Heap after GC invocations=76 (full 0):
 garbage-first heap   total 101376K, used 50330K [0x0000000080000000, 0x0000000100000000)
  region size 1024K, 4 young (4096K), 4 survivors (4096K)
 Metaspace       used 64984K, capacity 66856K, committed 67072K, reserved 575488K
  class space    used 8618K, capacity 9412K, committed 9472K, reserved 516096K
}
Event: 77.706 GC heap before
{Heap before GC invocations=76 (full 0):
 garbage-first heap   total 101376K, used 73882K [0x0000000080000000, 0x0000000100000000)
  region size 1024K, 27 young (27648K), 4 survivors (4096K)
 Metaspace       used 66893K, capacity 68923K, committed 69248K, reserved 575488K
  class space    used 8904K, capacity 9752K, committed 9856K, reserved 516096K
}
Event: 77.744 GC heap after
{Heap after GC invocations=77 (full 0):
 garbage-first heap   total 101376K, used 51942K [0x0000000080000000, 0x0000000100000000)
  region size 1024K, 4 young (4096K), 4 survivors (4096K)
 Metaspace       used 66893K, capacity 68923K, committed 69248K, reserved 575488K
  class space    used 8904K, capacity 9752K, committed 9856K, reserved 516096K
}

